Watching /Users/adam/dev/devchallenges/button-component and all sub-directories not excluded by your .gitignore. Will not monitor dotfiles.
Found & ignored ./.vercel ; is listed in .gitignore
Found & ignored ./build ; is listed in .gitignore
Found & ignored ./node_modules ; is listed in .gitignore

Starting: build-storybook -- --output-dir /var/folders/l4/46ny6dl909vbd5vr1p25nw200000gn/T/chromatic--14235-XDsuhVQKSkGR
node:internal/modules/cjs/loader:928
  throw err;
  ^

Error: Cannot find module '/Users/adam/dev/devchallenges/button-component/build-storybook'
    at Function.Module._resolveFilename (node:internal/modules/cjs/loader:925:15)
    at Function.Module._load (node:internal/modules/cjs/loader:769:27)
    at Function.executeUserEntryPoint [as runMain] (node:internal/modules/run_main:76:12)
    at node:internal/main/run_main_module:17:47 {
  code: 'MODULE_NOT_FOUND',
  requireStack: []
}
./package.json changed

Starting: build-storybook -- --output-dir /var/folders/l4/46ny6dl909vbd5vr1p25nw200000gn/T/chromatic--14235-XDsuhVQKSkGR
./build-storybook.log changed

Starting: build-storybook -- --output-dir /var/folders/l4/46ny6dl909vbd5vr1p25nw200000gn/T/chromatic--14235-XDsuhVQKSkGR
node:internal/modules/cjs/loader:928
  throw err;
  ^

Error: Cannot find module '/Users/adam/dev/devchallenges/button-component/build-storybook'
    at Function.Module._resolveFilename (node:internal/modules/cjs/loader:925:15)
    at Function.Module._load (node:internal/modules/cjs/loader:769:27)
    at Function.executeUserEntryPoint [as runMain] (node:internal/modules/run_main:76:12)
    at node:internal/main/run_main_module:17:47 {
  code: 'MODULE_NOT_FOUND',
  requireStack: []
}
